<?xml version="1.0" encoding="UTF-8"?>
<testsuite xmlns:xsi="http://www.w3.org/2001/XMLSchema-instance" xsi:noNamespaceSchemaLocation="https://maven.apache.org/surefire/maven-surefire-plugin/xsd/surefire-test-report-3.0.xsd" version="3.0" name="TestSuite" time="14.695" tests="9" errors="0" skipped="0" failures="0">
  <properties>
    <property name="java.specification.version" value="24"/>
    <property name="sun.jnu.encoding" value="UTF-8"/>
    <property name="java.class.path" value="/Users/yogeshmurugesan/Documents/assignment/api-automation/target/test-classes:/Users/yogeshmurugesan/Documents/assignment/api-automation/target/classes:/Users/yogeshmurugesan/.m2/repository/io/rest-assured/rest-assured/5.4.0/rest-assured-5.4.0.jar:/Users/yogeshmurugesan/.m2/repository/org/apache/groovy/groovy/4.0.16/groovy-4.0.16.jar:/Users/yogeshmurugesan/.m2/repository/org/apache/groovy/groovy-xml/4.0.16/groovy-xml-4.0.16.jar:/Users/yogeshmurugesan/.m2/repository/org/apache/httpcomponents/httpclient/4.5.13/httpclient-4.5.13.jar:/Users/yogeshmurugesan/.m2/repository/org/apache/httpcomponents/httpcore/4.4.13/httpcore-4.4.13.jar:/Users/yogeshmurugesan/.m2/repository/commons-logging/commons-logging/1.2/commons-logging-1.2.jar:/Users/yogeshmurugesan/.m2/repository/commons-codec/commons-codec/1.11/commons-codec-1.11.jar:/Users/yogeshmurugesan/.m2/repository/org/apache/httpcomponents/httpmime/4.5.13/httpmime-4.5.13.jar:/Users/yogeshmurugesan/.m2/repository/org/ccil/cowan/tagsoup/tagsoup/1.2.1/tagsoup-1.2.1.jar:/Users/yogeshmurugesan/.m2/repository/io/rest-assured/json-path/5.4.0/json-path-5.4.0.jar:/Users/yogeshmurugesan/.m2/repository/org/apache/groovy/groovy-json/4.0.16/groovy-json-4.0.16.jar:/Users/yogeshmurugesan/.m2/repository/io/rest-assured/rest-assured-common/5.4.0/rest-assured-common-5.4.0.jar:/Users/yogeshmurugesan/.m2/repository/io/rest-assured/xml-path/5.4.0/xml-path-5.4.0.jar:/Users/yogeshmurugesan/.m2/repository/org/apache/commons/commons-lang3/3.11/commons-lang3-3.11.jar:/Users/yogeshmurugesan/.m2/repository/org/testng/testng/7.10.2/testng-7.10.2.jar:/Users/yogeshmurugesan/.m2/repository/org/slf4j/slf4j-api/1.7.36/slf4j-api-1.7.36.jar:/Users/yogeshmurugesan/.m2/repository/com/beust/jcommander/1.82/jcommander-1.82.jar:/Users/yogeshmurugesan/.m2/repository/org/webjars/jquery/3.7.1/jquery-3.7.1.jar:/Users/yogeshmurugesan/.m2/repository/org/hamcrest/hamcrest/2.2/hamcrest-2.2.jar:"/>
    <property name="java.vm.vendor" value="Oracle Corporation"/>
    <property name="sun.arch.data.model" value="64"/>
    <property name="java.vendor.url" value="https://java.oracle.com/"/>
    <property name="user.timezone" value="Asia/Kolkata"/>
    <property name="os.name" value="Mac OS X"/>
    <property name="java.vm.specification.version" value="24"/>
    <property name="user.country" value="US"/>
    <property name="sun.java.launcher" value="SUN_STANDARD"/>
    <property name="sun.boot.library.path" value="/Library/Java/JavaVirtualMachines/jdk-24.jdk/Contents/Home/lib"/>
    <property name="sun.java.command" value="/Users/yogeshmurugesan/Documents/assignment/api-automation/target/surefire/surefirebooter-20250820231650675_3.jar /Users/yogeshmurugesan/Documents/assignment/api-automation/target/surefire 2025-08-20T23-16-49_892-jvmRun1 surefire-20250820231650675_1tmp surefire_0-20250820231650675_2tmp"/>
    <property name="http.nonProxyHosts" value="local|*.local|169.254/16|*.169.254/16"/>
    <property name="jdk.debug" value="release"/>
    <property name="surefire.test.class.path" value="/Users/yogeshmurugesan/Documents/assignment/api-automation/target/test-classes:/Users/yogeshmurugesan/Documents/assignment/api-automation/target/classes:/Users/yogeshmurugesan/.m2/repository/io/rest-assured/rest-assured/5.4.0/rest-assured-5.4.0.jar:/Users/yogeshmurugesan/.m2/repository/org/apache/groovy/groovy/4.0.16/groovy-4.0.16.jar:/Users/yogeshmurugesan/.m2/repository/org/apache/groovy/groovy-xml/4.0.16/groovy-xml-4.0.16.jar:/Users/yogeshmurugesan/.m2/repository/org/apache/httpcomponents/httpclient/4.5.13/httpclient-4.5.13.jar:/Users/yogeshmurugesan/.m2/repository/org/apache/httpcomponents/httpcore/4.4.13/httpcore-4.4.13.jar:/Users/yogeshmurugesan/.m2/repository/commons-logging/commons-logging/1.2/commons-logging-1.2.jar:/Users/yogeshmurugesan/.m2/repository/commons-codec/commons-codec/1.11/commons-codec-1.11.jar:/Users/yogeshmurugesan/.m2/repository/org/apache/httpcomponents/httpmime/4.5.13/httpmime-4.5.13.jar:/Users/yogeshmurugesan/.m2/repository/org/ccil/cowan/tagsoup/tagsoup/1.2.1/tagsoup-1.2.1.jar:/Users/yogeshmurugesan/.m2/repository/io/rest-assured/json-path/5.4.0/json-path-5.4.0.jar:/Users/yogeshmurugesan/.m2/repository/org/apache/groovy/groovy-json/4.0.16/groovy-json-4.0.16.jar:/Users/yogeshmurugesan/.m2/repository/io/rest-assured/rest-assured-common/5.4.0/rest-assured-common-5.4.0.jar:/Users/yogeshmurugesan/.m2/repository/io/rest-assured/xml-path/5.4.0/xml-path-5.4.0.jar:/Users/yogeshmurugesan/.m2/repository/org/apache/commons/commons-lang3/3.11/commons-lang3-3.11.jar:/Users/yogeshmurugesan/.m2/repository/org/testng/testng/7.10.2/testng-7.10.2.jar:/Users/yogeshmurugesan/.m2/repository/org/slf4j/slf4j-api/1.7.36/slf4j-api-1.7.36.jar:/Users/yogeshmurugesan/.m2/repository/com/beust/jcommander/1.82/jcommander-1.82.jar:/Users/yogeshmurugesan/.m2/repository/org/webjars/jquery/3.7.1/jquery-3.7.1.jar:/Users/yogeshmurugesan/.m2/repository/org/hamcrest/hamcrest/2.2/hamcrest-2.2.jar:"/>
    <property name="sun.cpu.endian" value="little"/>
    <property name="user.home" value="/Users/yogeshmurugesan"/>
    <property name="user.language" value="en"/>
    <property name="java.specification.vendor" value="Oracle Corporation"/>
    <property name="java.version.date" value="2025-04-15"/>
    <property name="java.home" value="/Library/Java/JavaVirtualMachines/jdk-24.jdk/Contents/Home"/>
    <property name="file.separator" value="/"/>
    <property name="basedir" value="/Users/yogeshmurugesan/Documents/assignment/api-automation"/>
    <property name="style.color" value="always"/>
    <property name="java.vm.compressedOopsMode" value="Zero based"/>
    <property name="line.separator" value="&#10;"/>
    <property name="java.vm.specification.vendor" value="Oracle Corporation"/>
    <property name="java.specification.name" value="Java Platform API Specification"/>
    <property name="apple.awt.application.name" value="ForkedBooter"/>
    <property name="surefire.real.class.path" value="/Users/yogeshmurugesan/Documents/assignment/api-automation/target/surefire/surefirebooter-20250820231650675_3.jar"/>
    <property name="sun.management.compiler" value="HotSpot 64-Bit Tiered Compilers"/>
    <property name="ftp.nonProxyHosts" value="local|*.local|169.254/16|*.169.254/16"/>
    <property name="java.runtime.version" value="24.0.1+9-30"/>
    <property name="user.name" value="yogeshmurugesan"/>
    <property name="stdout.encoding" value="UTF-8"/>
    <property name="path.separator" value=":"/>
    <property name="os.version" value="15.5"/>
    <property name="java.runtime.name" value="Java(TM) SE Runtime Environment"/>
    <property name="file.encoding" value="UTF-8"/>
    <property name="java.vm.name" value="Java HotSpot(TM) 64-Bit Server VM"/>
    <property name="maven.ext.class.path" value="/Applications/IntelliJ IDEA CE.app/Contents/plugins/maven/lib/maven-event-listener.jar"/>
    <property name="localRepository" value="/Users/yogeshmurugesan/.m2/repository"/>
    <property name="java.vendor.url.bug" value="https://bugreport.java.com/bugreport/"/>
    <property name="java.io.tmpdir" value="/var/folders/mb/59yb6ccd65s3vb2qbrqd23bw0000gp/T/"/>
    <property name="idea.version" value="2025.2"/>
    <property name="java.version" value="24.0.1"/>
    <property name="user.dir" value="/Users/yogeshmurugesan/Documents/assignment/api-automation"/>
    <property name="os.arch" value="aarch64"/>
    <property name="jansi.passthrough" value="true"/>
    <property name="java.vm.specification.name" value="Java Virtual Machine Specification"/>
    <property name="native.encoding" value="UTF-8"/>
    <property name="java.library.path" value="/Users/yogeshmurugesan/Library/Java/Extensions:/Library/Java/Extensions:/Network/Library/Java/Extensions:/System/Library/Java/Extensions:/usr/lib/java:."/>
    <property name="java.vm.info" value="mixed mode, sharing"/>
    <property name="stderr.encoding" value="UTF-8"/>
    <property name="java.vendor" value="Oracle Corporation"/>
    <property name="java.vm.version" value="24.0.1+9-30"/>
    <property name="sun.io.unicode.encoding" value="UnicodeBig"/>
    <property name="socksNonProxyHosts" value="local|*.local|169.254/16|*.169.254/16"/>
    <property name="java.class.version" value="68.0"/>
  </properties>
  <testcase name="generateApiKey" classname="tests.ValidTransactionTest" time="2.056">
    <system-err><![CDATA[SLF4J: Failed to load class "org.slf4j.impl.StaticLoggerBinder".
SLF4J: Defaulting to no-operation (NOP) logger implementation
SLF4J: See http://www.slf4j.org/codes.html#StaticLoggerBinder for further details.
]]></system-err>
  </testcase>
  <testcase name="createFromAccount" classname="tests.ValidTransactionTest" time="1.331"/>
  <testcase name="createToAccount" classname="tests.ValidTransactionTest" time="1.377"/>
  <testcase name="createTransaction" classname="tests.ValidTransactionTest" time="1.322"/>
  <testcase name="validateBalances" classname="tests.ValidTransactionTest" time="2.845"/>
  <testcase name="generateApiKey" classname="tests.InvalidTransactionTest" time="1.235"/>
  <testcase name="createFromAccountWithZeroBalance" classname="tests.InvalidTransactionTest" time="1.31"/>
  <testcase name="createToAccount" classname="tests.InvalidTransactionTest" time="1.327"/>
  <testcase name="attemptInvalidTransaction" classname="tests.InvalidTransactionTest" time="1.439">
    <system-out><![CDATA[Response body: {"name":"invalidBody","message":"Insufficient balance in fromAccountId to initiate the transaction."}
]]></system-out>
  </testcase>
</testsuite>