<?xml version="1.0" encoding="UTF-8"?>
<!-- Generated by org.testng.reporters.JUnitReportReporter -->
<testsuite hostname="PMLMB4001231" failures="0" tests="5" name="tests.ValidTransactionTest" time="8.930" errors="0" timestamp="2025-08-20T23:17:05 IST" skipped="0">
  <testcase classname="tests.ValidTransactionTest" name="generateApiKey" time="2.055"/>
  <testcase classname="tests.ValidTransactionTest" name="createFromAccount" time="1.330"/>
  <testcase classname="tests.ValidTransactionTest" name="createToAccount" time="1.378"/>
  <testcase classname="tests.ValidTransactionTest" name="createTransaction" time="1.322"/>
  <testcase classname="tests.ValidTransactionTest" name="validateBalances" time="2.845"/>
</testsuite> <!-- tests.ValidTransactionTest -->
