<?xml version="1.0" encoding="UTF-8"?>
<!-- Generated by org.testng.reporters.JUnitReportReporter -->
<testsuite hostname="PMLMB4001231" failures="0" tests="4" name="tests.InvalidTransactionTest" time="5.306" errors="0" timestamp="2025-08-20T23:17:05 IST" skipped="0">
  <testcase classname="tests.InvalidTransactionTest" name="generateApiKey" time="1.234"/>
  <testcase classname="tests.InvalidTransactionTest" name="createFromAccountWithZeroBalance" time="1.309"/>
  <testcase classname="tests.InvalidTransactionTest" name="createToAccount" time="1.326"/>
  <testcase classname="tests.InvalidTransactionTest" name="attemptInvalidTransaction" time="1.437"/>
</testsuite> <!-- tests.InvalidTransactionTest -->
